app/build/outputs/logs/manifest-merger-debug-report.txt
-- Merging decision tree log ---
manifest
ADDED from src/main/AndroidManifest.xml:2:1-37:12
INJECTED from src/main/AndroidManifest.xml:2:1-37:12
INJECTED from src/main/AndroidManifest.xml:2:1-37:12
INJECTED from src/main/AndroidManifest.xml:2:1-37:12
MERGED from [com.android.support:design:28.0.0-alpha1] AndroidManifest.xml:17:1-24:12
MERGED from [com.theartofdev.edmodo:android-image-cropper:2.7.0] AndroidManifest.xml:2:1-11:12
MERGED from [com.android.support:design-bottomappbar:28.0.0-alpha1] AndroidManifest.xml:17:1-24:12
MERGED from [com.android.support:design-theme:28.0.0-alpha1] AndroidManifest.xml:17:1-24:12
MERGED from [com.android.support:design-transformation:28.0.0-alpha1] AndroidManifest.xml:17:1-24:12
MERGED from [com.android.support:design-widget:28.0.0-alpha1] AndroidManifest.xml:17:1-24:12
MERGED from [com.android.support:design-bottomsheet:28.0.0-alpha1] AndroidManifest.xml:17:1-24:12
MERGED from [com.android.support:design-dialog:28.0.0-alpha1] AndroidManifest.xml:17:1-24:12
MERGED from [com.android.support:design-button:28.0.0-alpha1] AndroidManifest.xml:17:1-24:12
MERGED from [com.android.support:design-card:28.0.0-alpha1] AndroidManifest.xml:17:1-24:12
MERGED from [com.android.support:design-chip:28.0.0-alpha1] AndroidManifest.xml:17:1-24:12
MERGED from [com.android.support:design-internal:28.0.0-alpha1] AndroidManifest.xml:17:1-24:12
MERGED from [com.android.support:design-bottomnavigation:28.0.0-alpha1] AndroidManifest.xml:17:1-24:12
MERGED from [com.android.support:design-floatingactionbutton:28.0.0-alpha1] AndroidManifest.xml:17:1-24:12
MERGED from [com.android.support:design-navigation:28.0.0-alpha1] AndroidManifest.xml:17:1-24:12
MERGED from [com.android.support:design-resources:28.0.0-alpha1] AndroidManifest.xml:17:1-24:12
MERGED from [com.android.support:design-tabs:28.0.0-alpha1] AndroidManifest.xml:17:1-24:12
MERGED from [com.android.support:design-textfield:28.0.0-alpha1] AndroidManifest.xml:17:1-24:12
MERGED from [com.android.support:design-typography:28.0.0-alpha1] AndroidManifest.xml:17:1-24:12
MERGED from [com.android.support:design-shape:28.0.0-alpha1] AndroidManifest.xml:17:1-24:12
MERGED from [com.android.support:appcompat-v7:28.0.0] AndroidManifest.xml:17:1-22:12
MERGED from [com.android.support.constraint:constraint-layout:1.1.3] AndroidManifest.xml:2:1-11:12
MERGED from [com.google.android.gms:play-services-vision:16.2.0] AndroidManifest.xml:2:1-9:12
MERGED from [com.google.android.gms:play-services-vision-common:16.2.0] AndroidManifest.xml:2:1-9:12
MERGED from [com.google.android.gms:play-services-clearcut:16.0.0] AndroidManifest.xml:17:1-24:12
MERGED from [com.google.android.gms:play-services-flags:16.0.1] AndroidManifest.xml:17:1-22:12
MERGED from [com.google.android.gms:play-services-phenotype:16.0.0] AndroidManifest.xml:17:1-24:12
MERGED from [com.google.android.gms:play-services-base:16.0.1] AndroidManifest.xml:17:1-29:12
MERGED from [com.google.android.gms:play-services-tasks:16.0.1] AndroidManifest.xml:2:1-9:12
MERGED from [com.google.android.gms:play-services-basement:16.0.1] AndroidManifest.xml:17:1-28:12
MERGED from [com.android.support:support-v4:28.0.0] AndroidManifest.xml:17:1-22:12
MERGED from [com.android.volley:volley:1.1.1] AndroidManifest.xml:2:1-11:12
MERGED from [com.squareup.picasso:picasso:2.71828] AndroidManifest.xml:2:1-14:12
MERGED from [com.android.support:transition:28.0.0-alpha1] AndroidManifest.xml:17:1-23:12
MERGED from [com.android.support:recyclerview-v7:28.0.0-alpha1] AndroidManifest.xml:17:1-23:12
MERGED from [com.android.support:design-animation:28.0.0-alpha1] AndroidManifest.xml:17:1-24:12
MERGED from [com.android.support:design-canvas:28.0.0-alpha1] AndroidManifest.xml:17:1-24:12
MERGED from [com.android.support:design-circularreveal-cardview:28.0.0-alpha1] AndroidManifest.xml:17:1-24:12
MERGED from [com.android.support:design-circularreveal-coordinatorlayout:28.0.0-alpha1] AndroidManifest.xml:17:1-24:12
MERGED from [com.android.support:design-circularreveal:28.0.0-alpha1] AndroidManifest.xml:17:1-24:12
MERGED from [com.android.support:design-drawable:28.0.0-alpha1] AndroidManifest.xml:17:1-24:12
MERGED from [com.android.support:design-expandable:28.0.0-alpha1] AndroidManifest.xml:17:1-24:12
MERGED from [com.android.support:design-ripple:28.0.0-alpha1] AndroidManifest.xml:17:1-24:12
MERGED from [com.android.support:design-stateful:28.0.0-alpha1] AndroidManifest.xml:17:1-24:12
MERGED from [com.android.support:cardview-v7:28.0.0-alpha1] AndroidManifest.xml:17:1-23:12
MERGED from [com.android.support:support-fragment:28.0.0] AndroidManifest.xml:17:1-22:12
MERGED from [com.android.support:animated-vector-drawable:28.0.0] AndroidManifest.xml:17:1-22:12
MERGED from [com.android.support:support-core-ui:28.0.0] AndroidManifest.xml:17:1-22:12
MERGED from [com.android.support:viewpager:28.0.0] AndroidManifest.xml:17:1-22:12
MERGED from [com.android.support:coordinatorlayout:28.0.0] AndroidManifest.xml:17:1-22:12
MERGED from [com.android.support:drawerlayout:28.0.0] AndroidManifest.xml:17:1-22:12
MERGED from [com.android.support:slidingpanelayout:28.0.0] AndroidManifest.xml:17:1-22:12
MERGED from [com.android.support:customview:28.0.0] AndroidManifest.xml:17:1-22:12
MERGED from [com.android.support:swiperefreshlayout:28.0.0] AndroidManifest.xml:17:1-22:12
MERGED from [com.android.support:asynclayoutinflater:28.0.0] AndroidManifest.xml:17:1-22:12
MERGED from [com.android.support:support-core-utils:28.0.0] AndroidManifest.xml:17:1-22:12
MERGED from [com.android.support:loader:28.0.0] AndroidManifest.xml:17:1-22:12
MERGED from [com.android.support:support-vector-drawable:28.0.0] AndroidManifest.xml:17:1-22:12
MERGED from [com.android.support:support-media-compat:28.0.0] AndroidManifest.xml:17:1-22:12
MERGED from [com.android.support:support-compat:28.0.0] AndroidManifest.xml:17:1-24:12
MERGED from [com.android.support:versionedparcelable:28.0.0] AndroidManifest.xml:17:1-25:12
MERGED from [android.arch.lifecycle:runtime:1.1.1] AndroidManifest.xml:17:1-22:12
MERGED from [android.arch.lifecycle:livedata:1.1.1] AndroidManifest.xml:17:1-22:12
MERGED from [android.arch.lifecycle:livedata-core:1.1.1] AndroidManifest.xml:17:1-22:12
MERGED from [android.arch.core:runtime:1.1.1] AndroidManifest.xml:17:1-22:12
MERGED from [com.android.support:interpolator:28.0.0] AndroidManifest.xml:17:1-22:12
MERGED from [com.android.support:cursoradapter:28.0.0] AndroidManifest.xml:17:1-22:12
MERGED from [com.android.support:documentfile:28.0.0] AndroidManifest.xml:17:1-22:12
MERGED from [com.android.support:localbroadcastmanager:28.0.0] AndroidManifest.xml:17:1-22:12
MERGED from [com.android.support:print:28.0.0] AndroidManifest.xml:17:1-22:12
MERGED from [android.arch.lifecycle:viewmodel:1.1.1] AndroidManifest.xml:17:1-22:12
MERGED from [com.android.support:exifinterface:27.1.1] AndroidManifest.xml:17:1-22:12
MERGED from [com.android.support:design-color:28.0.0-alpha1] AndroidManifest.xml:17:1-24:12
MERGED from [com.android.support:design-math:28.0.0-alpha1] AndroidManifest.xml:17:1-24:12
MERGED from [com.android.support:design-snackbar:28.0.0-alpha1] AndroidManifest.xml:17:1-24:12
INJECTED from src/main/AndroidManifest.xml:2:1-37:12
INJECTED from src/main/AndroidManifest.xml:2:1-37:12
INJECTED from src/main/AndroidManifest.xml:2:1-37:12
	package
		ADDED from src/main/AndroidManifest.xml:3:5-42
		INJECTED from src/main/AndroidManifest.xml
		INJECTED from src/main/AndroidManifest.xml
	android:versionName
		INJECTED from src/main/AndroidManifest.xml
		ADDED from src/main/AndroidManifest.xml:2:1-37:12
		INJECTED from src/main/AndroidManifest.xml
	android:versionCode
		INJECTED from src/main/AndroidManifest.xml
		ADDED from src/main/AndroidManifest.xml:2:1-37:12
		INJECTED from src/main/AndroidManifest.xml
	xmlns:android
		ADDED from src/main/AndroidManifest.xml:2:11-69
application
ADDED from src/main/AndroidManifest.xml:5:5-30:19
MERGED from [com.android.support:design:28.0.0-alpha1] AndroidManifest.xml:22:5-20
MERGED from [com.android.support:design:28.0.0-alpha1] AndroidManifest.xml:22:5-20
MERGED from [com.android.support:design-bottomappbar:28.0.0-alpha1] AndroidManifest.xml:22:5-20
MERGED from [com.android.support:design-bottomappbar:28.0.0-alpha1] AndroidManifest.xml:22:5-20
MERGED from [com.android.support:design-theme:28.0.0-alpha1] AndroidManifest.xml:22:5-20
MERGED from [com.android.support:design-theme:28.0.0-alpha1] AndroidManifest.xml:22:5-20
MERGED from [com.android.support:design-transformation:28.0.0-alpha1] AndroidManifest.xml:22:5-20
MERGED from [com.android.support:design-transformation:28.0.0-alpha1] AndroidManifest.xml:22:5-20
MERGED from [com.android.support:design-widget:28.0.0-alpha1] AndroidManifest.xml:22:5-20
MERGED from [com.android.support:design-widget:28.0.0-alpha1] AndroidManifest.xml:22:5-20
MERGED from [com.android.support:design-bottomsheet:28.0.0-alpha1] AndroidManifest.xml:22:5-20
MERGED from [com.android.support:design-bottomsheet:28.0.0-alpha1] AndroidManifest.xml:22:5-20
MERGED from [com.android.support:design-dialog:28.0.0-alpha1] AndroidManifest.xml:22:5-20
MERGED from [com.android.support:design-dialog:28.0.0-alpha1] AndroidManifest.xml:22:5-20
MERGED from [com.android.support:design-button:28.0.0-alpha1] AndroidManifest.xml:22:5-20
MERGED from [com.android.support:design-button:28.0.0-alpha1] AndroidManifest.xml:22:5-20
MERGED from [com.android.support:design-card:28.0.0-alpha1] AndroidManifest.xml:22:5-20
MERGED from [com.android.support:design-card:28.0.0-alpha1] AndroidManifest.xml:22:5-20
MERGED from [com.android.support:design-chip:28.0.0-alpha1] AndroidManifest.xml:22:5-20
MERGED from [com.android.support:design-chip:28.0.0-alpha1] AndroidManifest.xml:22:5-20
MERGED from [com.android.support:design-internal:28.0.0-alpha1] AndroidManifest.xml:22:5-20
MERGED from [com.android.support:design-internal:28.0.0-alpha1] AndroidManifest.xml:22:5-20
MERGED from [com.android.support:design-bottomnavigation:28.0.0-alpha1] AndroidManifest.xml:22:5-20
MERGED from [com.android.support:design-bottomnavigation:28.0.0-alpha1] AndroidManifest.xml:22:5-20
MERGED from [com.android.support:design-floatingactionbutton:28.0.0-alpha1] AndroidManifest.xml:22:5-20
MERGED from [com.android.support:design-floatingactionbutton:28.0.0-alpha1] AndroidManifest.xml:22:5-20
MERGED from [com.android.support:design-navigation:28.0.0-alpha1] AndroidManifest.xml:22:5-20
MERGED from [com.android.support:design-navigation:28.0.0-alpha1] AndroidManifest.xml:22:5-20
MERGED from [com.android.support:design-resources:28.0.0-alpha1] AndroidManifest.xml:22:5-20
MERGED from [com.android.support:design-resources:28.0.0-alpha1] AndroidManifest.xml:22:5-20
MERGED from [com.android.support:design-tabs:28.0.0-alpha1] AndroidManifest.xml:22:5-20
MERGED from [com.android.support:design-tabs:28.0.0-alpha1] AndroidManifest.xml:22:5-20
MERGED from [com.android.support:design-textfield:28.0.0-alpha1] AndroidManifest.xml:22:5-20
MERGED from [com.android.support:design-textfield:28.0.0-alpha1] AndroidManifest.xml:22:5-20
MERGED from [com.android.support:design-typography:28.0.0-alpha1] AndroidManifest.xml:22:5-20
MERGED from [com.android.support:design-typography:28.0.0-alpha1] AndroidManifest.xml:22:5-20
MERGED from [com.android.support:design-shape:28.0.0-alpha1] AndroidManifest.xml:22:5-20
MERGED from [com.android.support:design-shape:28.0.0-alpha1] AndroidManifest.xml:22:5-20
MERGED from [com.android.support.constraint:constraint-layout:1.1.3] AndroidManifest.xml:9:5-20
MERGED from [com.android.support.constraint:constraint-layout:1.1.3] AndroidManifest.xml:9:5-20
MERGED from [com.google.android.gms:play-services-vision:16.2.0] AndroidManifest.xml:7:5-20
MERGED from [com.google.android.gms:play-services-vision:16.2.0] AndroidManifest.xml:7:5-20
MERGED from [com.google.android.gms:play-services-vision-common:16.2.0] AndroidManifest.xml:7:5-20
MERGED from [com.google.android.gms:play-services-vision-common:16.2.0] AndroidManifest.xml:7:5-20
MERGED from [com.google.android.gms:play-services-clearcut:16.0.0] AndroidManifest.xml:22:5-20
MERGED from [com.google.android.gms:play-services-clearcut:16.0.0] AndroidManifest.xml:22:5-20
MERGED from [com.google.android.gms:play-services-phenotype:16.0.0] AndroidManifest.xml:22:5-20
MERGED from [com.google.android.gms:play-services-phenotype:16.0.0] AndroidManifest.xml:22:5-20
MERGED from [com.google.android.gms:play-services-base:16.0.1] AndroidManifest.xml:22:5-27:19
MERGED from [com.google.android.gms:play-services-base:16.0.1] AndroidManifest.xml:22:5-27:19
MERGED from [com.google.android.gms:play-services-tasks:16.0.1] AndroidManifest.xml:7:5-20
MERGED from [com.google.android.gms:play-services-tasks:16.0.1] AndroidManifest.xml:7:5-20
MERGED from [com.google.android.gms:play-services-basement:16.0.1] AndroidManifest.xml:22:5-26:19
MERGED from [com.google.android.gms:play-services-basement:16.0.1] AndroidManifest.xml:22:5-26:19
MERGED from [com.android.volley:volley:1.1.1] AndroidManifest.xml:9:5-20
MERGED from [com.android.volley:volley:1.1.1] AndroidManifest.xml:9:5-20
MERGED from [com.squareup.picasso:picasso:2.71828] AndroidManifest.xml:7:5-12:19
MERGED from [com.squareup.picasso:picasso:2.71828] AndroidManifest.xml:7:5-12:19
MERGED from [com.android.support:design-animation:28.0.0-alpha1] AndroidManifest.xml:22:5-20
MERGED from [com.android.support:design-animation:28.0.0-alpha1] AndroidManifest.xml:22:5-20
MERGED from [com.android.support:design-canvas:28.0.0-alpha1] AndroidManifest.xml:22:5-20
MERGED from [com.android.support:design-canvas:28.0.0-alpha1] AndroidManifest.xml:22:5-20
MERGED from [com.android.support:design-circularreveal-cardview:28.0.0-alpha1] AndroidManifest.xml:22:5-20
MERGED from [com.android.support:design-circularreveal-cardview:28.0.0-alpha1] AndroidManifest.xml:22:5-20
MERGED from [com.android.support:design-circularreveal-coordinatorlayout:28.0.0-alpha1] AndroidManifest.xml:22:5-20
MERGED from [com.android.support:design-circularreveal-coordinatorlayout:28.0.0-alpha1] AndroidManifest.xml:22:5-20
MERGED from [com.android.support:design-circularreveal:28.0.0-alpha1] AndroidManifest.xml:22:5-20
MERGED from [com.android.support:design-circularreveal:28.0.0-alpha1] AndroidManifest.xml:22:5-20
MERGED from [com.android.support:design-drawable:28.0.0-alpha1] AndroidManifest.xml:22:5-20
MERGED from [com.android.support:design-drawable:28.0.0-alpha1] AndroidManifest.xml:22:5-20
MERGED from [com.android.support:design-expandable:28.0.0-alpha1] AndroidManifest.xml:22:5-20
MERGED from [com.android.support:design-expandable:28.0.0-alpha1] AndroidManifest.xml:22:5-20
MERGED from [com.android.support:design-ripple:28.0.0-alpha1] AndroidManifest.xml:22:5-20
MERGED from [com.android.support:design-ripple:28.0.0-alpha1] AndroidManifest.xml:22:5-20
MERGED from [com.android.support:design-stateful:28.0.0-alpha1] AndroidManifest.xml:22:5-20
MERGED from [com.android.support:design-stateful:28.0.0-alpha1] AndroidManifest.xml:22:5-20
MERGED from [com.android.support:support-compat:28.0.0] AndroidManifest.xml:22:5-94
MERGED from [com.android.support:support-compat:28.0.0] AndroidManifest.xml:22:5-94
MERGED from [com.android.support:versionedparcelable:28.0.0] AndroidManifest.xml:22:5-23:19
MERGED from [com.android.support:versionedparcelable:28.0.0] AndroidManifest.xml:22:5-23:19
MERGED from [com.android.support:design-color:28.0.0-alpha1] AndroidManifest.xml:22:5-20
MERGED from [com.android.support:design-color:28.0.0-alpha1] AndroidManifest.xml:22:5-20
MERGED from [com.android.support:design-math:28.0.0-alpha1] AndroidManifest.xml:22:5-20
MERGED from [com.android.support:design-math:28.0.0-alpha1] AndroidManifest.xml:22:5-20
MERGED from [com.android.support:design-snackbar:28.0.0-alpha1] AndroidManifest.xml:22:5-20
MERGED from [com.android.support:design-snackbar:28.0.0-alpha1] AndroidManifest.xml:22:5-20
	android:appComponentFactory
		ADDED from [com.android.support:support-compat:28.0.0] AndroidManifest.xml:22:18-91
	android:supportsRtl
		ADDED from src/main/AndroidManifest.xml:10:9-35
	android:label
		ADDED from src/main/AndroidManifest.xml:8:9-41
	android:roundIcon
		ADDED from src/main/AndroidManifest.xml:9:9-54
	android:icon
		ADDED from src/main/AndroidManifest.xml:7:9-43
	android:allowBackup
		ADDED from src/main/AndroidManifest.xml:6:9-35
	android:theme
		ADDED from src/main/AndroidManifest.xml:11:9-40
activity#com.example.clarity.clarity.SplashActivity
ADDED from src/main/AndroidManifest.xml:12:9-20:20
	android:theme
		ADDED from src/main/AndroidManifest.xml:14:13-47
	android:name
		ADDED from src/main/AndroidManifest.xml:13:13-43
intent-filter#action:name:android.intent.action.MAIN+category:name:android.intent.category.LAUNCHER
ADDED from src/main/AndroidManifest.xml:15:13-19:29
action#android.intent.action.MAIN
ADDED from src/main/AndroidManifest.xml:16:17-69
	android:name
		ADDED from src/main/AndroidManifest.xml:16:25-66
category#android.intent.category.LAUNCHER
ADDED from src/main/AndroidManifest.xml:18:17-77
	android:name
		ADDED from src/main/AndroidManifest.xml:18:27-74
activity#com.example.clarity.clarity.MainActivity
ADDED from src/main/AndroidManifest.xml:21:9-50
	android:name
		ADDED from src/main/AndroidManifest.xml:21:19-47
activity#com.example.clarity.clarity.FileListFragment
ADDED from src/main/AndroidManifest.xml:22:9-54
	android:name
		ADDED from src/main/AndroidManifest.xml:22:19-51
activity#com.example.clarity.clarity.PasteText
ADDED from src/main/AndroidManifest.xml:23:9-26:47
	android:label
		ADDED from src/main/AndroidManifest.xml:25:13-62
	android:theme
		ADDED from src/main/AndroidManifest.xml:26:13-44
	android:name
		ADDED from src/main/AndroidManifest.xml:24:13-38
activity#com.example.clarity.clarity.TranslateText
ADDED from src/main/AndroidManifest.xml:27:9-60
	android:name
		ADDED from src/main/AndroidManifest.xml:27:19-48
activity#com.theartofdev.edmodo.cropper.CropImageActivity
ADDED from src/main/AndroidManifest.xml:28:9-29:58
	android:theme
		ADDED from src/main/AndroidManifest.xml:29:13-56
	android:name
		ADDED from src/main/AndroidManifest.xml:28:19-82
uses-permission#android.permission.INTERNET
ADDED from src/main/AndroidManifest.xml:33:5-66
	android:name
		ADDED from src/main/AndroidManifest.xml:33:22-64
uses-permission#android.permission.WRITE_EXTERNAL_STORAGE
ADDED from src/main/AndroidManifest.xml:34:5-80
	android:name
		ADDED from src/main/AndroidManifest.xml:34:22-78
uses-permission#android.permission.CAMERA
ADDED from src/main/AndroidManifest.xml:35:5-64
	android:name
		ADDED from src/main/AndroidManifest.xml:35:22-62
uses-sdk
INJECTED from src/main/AndroidManifest.xml reason: use-sdk injection requested
INJECTED from src/main/AndroidManifest.xml
INJECTED from src/main/AndroidManifest.xml
MERGED from [com.android.support:design:28.0.0-alpha1] AndroidManifest.xml:20:5-44
MERGED from [com.android.support:design:28.0.0-alpha1] AndroidManifest.xml:20:5-44
MERGED from [com.theartofdev.edmodo:android-image-cropper:2.7.0] AndroidManifest.xml:7:5-9:41
MERGED from [com.theartofdev.edmodo:android-image-cropper:2.7.0] AndroidManifest.xml:7:5-9:41
MERGED from [com.android.support:design-bottomappbar:28.0.0-alpha1] AndroidManifest.xml:20:5-44
MERGED from [com.android.support:design-bottomappbar:28.0.0-alpha1] AndroidManifest.xml:20:5-44
MERGED from [com.android.support:design-theme:28.0.0-alpha1] AndroidManifest.xml:20:5-44
MERGED from [com.android.support:design-theme:28.0.0-alpha1] AndroidManifest.xml:20:5-44
MERGED from [com.android.support:design-transformation:28.0.0-alpha1] AndroidManifest.xml:20:5-44
MERGED from [com.android.support:design-transformation:28.0.0-alpha1] AndroidManifest.xml:20:5-44
MERGED from [com.android.support:design-widget:28.0.0-alpha1] AndroidManifest.xml:20:5-44
MERGED from [com.android.support:design-widget:28.0.0-alpha1] AndroidManifest.xml:20:5-44
MERGED from [com.android.support:design-bottomsheet:28.0.0-alpha1] AndroidManifest.xml:20:5-44
MERGED from [com.android.support:design-bottomsheet:28.0.0-alpha1] AndroidManifest.xml:20:5-44
MERGED from [com.android.support:design-dialog:28.0.0-alpha1] AndroidManifest.xml:20:5-44
MERGED from [com.android.support:design-dialog:28.0.0-alpha1] AndroidManifest.xml:20:5-44
MERGED from [com.android.support:design-button:28.0.0-alpha1] AndroidManifest.xml:20:5-44
MERGED from [com.android.support:design-button:28.0.0-alpha1] AndroidManifest.xml:20:5-44
MERGED from [com.android.support:design-card:28.0.0-alpha1] AndroidManifest.xml:20:5-44
MERGED from [com.android.support:design-card:28.0.0-alpha1] AndroidManifest.xml:20:5-44
MERGED from [com.android.support:design-chip:28.0.0-alpha1] AndroidManifest.xml:20:5-44
MERGED from [com.android.support:design-chip:28.0.0-alpha1] AndroidManifest.xml:20:5-44
MERGED from [com.android.support:design-internal:28.0.0-alpha1] AndroidManifest.xml:20:5-44
MERGED from [com.android.support:design-internal:28.0.0-alpha1] AndroidManifest.xml:20:5-44
MERGED from [com.android.support:design-bottomnavigation:28.0.0-alpha1] AndroidManifest.xml:20:5-44
MERGED from [com.android.support:design-bottomnavigation:28.0.0-alpha1] AndroidManifest.xml:20:5-44
MERGED from [com.android.support:design-floatingactionbutton:28.0.0-alpha1] AndroidManifest.xml:20:5-44
MERGED from [com.android.support:design-floatingactionbutton:28.0.0-alpha1] AndroidManifest.xml:20:5-44
MERGED from [com.android.support:design-navigation:28.0.0-alpha1] AndroidManifest.xml:20:5-44
MERGED from [com.android.support:design-navigation:28.0.0-alpha1] AndroidManifest.xml:20:5-44
MERGED from [com.android.support:design-resources:28.0.0-alpha1] AndroidManifest.xml:20:5-44
MERGED from [com.android.support:design-resources:28.0.0-alpha1] AndroidManifest.xml:20:5-44
MERGED from [com.android.support:design-tabs:28.0.0-alpha1] AndroidManifest.xml:20:5-44
MERGED from [com.android.support:design-tabs:28.0.0-alpha1] AndroidManifest.xml:20:5-44
MERGED from [com.android.support:design-textfield:28.0.0-alpha1] AndroidManifest.xml:20:5-44
MERGED from [com.android.support:design-textfield:28.0.0-alpha1] AndroidManifest.xml:20:5-44
MERGED from [com.android.support:design-typography:28.0.0-alpha1] AndroidManifest.xml:20:5-44
MERGED from [com.android.support:design-typography:28.0.0-alpha1] AndroidManifest.xml:20:5-44
MERGED from [com.android.support:design-shape:28.0.0-alpha1] AndroidManifest.xml:20:5-44
MERGED from [com.android.support:design-shape:28.0.0-alpha1] AndroidManifest.xml:20:5-44
MERGED from [com.android.support:appcompat-v7:28.0.0] AndroidManifest.xml:20:5-44
MERGED from [com.android.support:appcompat-v7:28.0.0] AndroidManifest.xml:20:5-44
MERGED from [com.android.support.constraint:constraint-layout:1.1.3] AndroidManifest.xml:5:5-7:41
MERGED from [com.android.support.constraint:constraint-layout:1.1.3] AndroidManifest.xml:5:5-7:41
MERGED from [com.google.android.gms:play-services-vision:16.2.0] AndroidManifest.xml:5:5-44
MERGED from [com.google.android.gms:play-services-vision:16.2.0] AndroidManifest.xml:5:5-44
MERGED from [com.google.android.gms:play-services-vision-common:16.2.0] AndroidManifest.xml:5:5-44
MERGED from [com.google.android.gms:play-services-vision-common:16.2.0] AndroidManifest.xml:5:5-44
MERGED from [com.google.android.gms:play-services-clearcut:16.0.0] AndroidManifest.xml:20:5-44
MERGED from [com.google.android.gms:play-services-clearcut:16.0.0] AndroidManifest.xml:20:5-44
MERGED from [com.google.android.gms:play-services-flags:16.0.1] AndroidManifest.xml:20:5-44
MERGED from [com.google.android.gms:play-services-flags:16.0.1] AndroidManifest.xml:20:5-44
MERGED from [com.google.android.gms:play-services-phenotype:16.0.0] AndroidManifest.xml:20:5-44
MERGED from [com.google.android.gms:play-services-phenotype:16.0.0] AndroidManifest.xml:20:5-44
MERGED from [com.google.android.gms:play-services-base:16.0.1] AndroidManifest.xml:20:5-44
MERGED from [com.google.android.gms:play-services-base:16.0.1] AndroidManifest.xml:20:5-44
MERGED from [com.google.android.gms:play-services-tasks:16.0.1] AndroidManifest.xml:5:5-44
MERGED from [com.google.android.gms:play-services-tasks:16.0.1] AndroidManifest.xml:5:5-44
MERGED from [com.google.android.gms:play-services-basement:16.0.1] AndroidManifest.xml:20:5-44
MERGED from [com.google.android.gms:play-services-basement:16.0.1] AndroidManifest.xml:20:5-44
MERGED from [com.android.support:support-v4:28.0.0] AndroidManifest.xml:20:5-44
MERGED from [com.android.support:support-v4:28.0.0] AndroidManifest.xml:20:5-44
MERGED from [com.android.volley:volley:1.1.1] AndroidManifest.xml:7:5-43
MERGED from [com.android.volley:volley:1.1.1] AndroidManifest.xml:7:5-43
MERGED from [com.squareup.picasso:picasso:2.71828] AndroidManifest.xml:5:5-44
MERGED from [com.squareup.picasso:picasso:2.71828] AndroidManifest.xml:5:5-44
MERGED from [com.android.support:transition:28.0.0-alpha1] AndroidManifest.xml:21:5-44
MERGED from [com.android.support:transition:28.0.0-alpha1] AndroidManifest.xml:21:5-44
MERGED from [com.android.support:recyclerview-v7:28.0.0-alpha1] AndroidManifest.xml:21:5-44
MERGED from [com.android.support:recyclerview-v7:28.0.0-alpha1] AndroidManifest.xml:21:5-44
MERGED from [com.android.support:design-animation:28.0.0-alpha1] AndroidManifest.xml:20:5-44
MERGED from [com.android.support:design-animation:28.0.0-alpha1] AndroidManifest.xml:20:5-44
MERGED from [com.android.support:design-canvas:28.0.0-alpha1] AndroidManifest.xml:20:5-44
MERGED from [com.android.support:design-canvas:28.0.0-alpha1] AndroidManifest.xml:20:5-44
MERGED from [com.android.support:design-circularreveal-cardview:28.0.0-alpha1] AndroidManifest.xml:20:5-44
MERGED from [com.android.support:design-circularreveal-cardview:28.0.0-alpha1] AndroidManifest.xml:20:5-44
MERGED from [com.android.support:design-circularreveal-coordinatorlayout:28.0.0-alpha1] AndroidManifest.xml:20:5-44
MERGED from [com.android.support:design-circularreveal-coordinatorlayout:28.0.0-alpha1] AndroidManifest.xml:20:5-44
MERGED from [com.android.support:design-circularreveal:28.0.0-alpha1] AndroidManifest.xml:20:5-44
MERGED from [com.android.support:design-circularreveal:28.0.0-alpha1] AndroidManifest.xml:20:5-44
MERGED from [com.android.support:design-drawable:28.0.0-alpha1] AndroidManifest.xml:20:5-44
MERGED from [com.android.support:design-drawable:28.0.0-alpha1] AndroidManifest.xml:20:5-44
MERGED from [com.android.support:design-expandable:28.0.0-alpha1] AndroidManifest.xml:20:5-44
MERGED from [com.android.support:design-expandable:28.0.0-alpha1] AndroidManifest.xml:20:5-44
MERGED from [com.android.support:design-ripple:28.0.0-alpha1] AndroidManifest.xml:20:5-44
MERGED from [com.android.support:design-ripple:28.0.0-alpha1] AndroidManifest.xml:20:5-44
MERGED from [com.android.support:design-stateful:28.0.0-alpha1] AndroidManifest.xml:20:5-44
MERGED from [com.android.support:design-stateful:28.0.0-alpha1] AndroidManifest.xml:20:5-44
MERGED from [com.android.support:cardview-v7:28.0.0-alpha1] AndroidManifest.xml:21:5-44
MERGED from [com.android.support:cardview-v7:28.0.0-alpha1] AndroidManifest.xml:21:5-44
MERGED from [com.android.support:support-fragment:28.0.0] AndroidManifest.xml:20:5-44
MERGED from [com.android.support:support-fragment:28.0.0] AndroidManifest.xml:20:5-44
MERGED from [com.android.support:animated-vector-drawable:28.0.0] AndroidManifest.xml:20:5-44
MERGED from [com.android.support:animated-vector-drawable:28.0.0] AndroidManifest.xml:20:5-44
MERGED from [com.android.support:support-core-ui:28.0.0] AndroidManifest.xml:20:5-44
MERGED from [com.android.support:support-core-ui:28.0.0] AndroidManifest.xml:20:5-44
MERGED from [com.android.support:viewpager:28.0.0] AndroidManifest.xml:20:5-44
MERGED from [com.android.support:viewpager:28.0.0] AndroidManifest.xml:20:5-44
MERGED from [com.android.support:coordinatorlayout:28.0.0] AndroidManifest.xml:20:5-44
MERGED from [com.android.support:coordinatorlayout:28.0.0] AndroidManifest.xml:20:5-44
MERGED from [com.android.support:drawerlayout:28.0.0] AndroidManifest.xml:20:5-44
MERGED from [com.android.support:drawerlayout:28.0.0] AndroidManifest.xml:20:5-44
MERGED from [com.android.support:slidingpanelayout:28.0.0] AndroidManifest.xml:20:5-44
MERGED from [com.android.support:slidingpanelayout:28.0.0] AndroidManifest.xml:20:5-44
MERGED from [com.android.support:customview:28.0.0] AndroidManifest.xml:20:5-44
MERGED from [com.android.support:customview:28.0.0] AndroidManifest.xml:20:5-44
MERGED from [com.android.support:swiperefreshlayout:28.0.0] AndroidManifest.xml:20:5-44
MERGED from [com.android.support:swiperefreshlayout:28.0.0] AndroidManifest.xml:20:5-44
MERGED from [com.android.support:asynclayoutinflater:28.0.0] AndroidManifest.xml:20:5-44
MERGED from [com.android.support:asynclayoutinflater:28.0.0] AndroidManifest.xml:20:5-44
MERGED from [com.android.support:support-core-utils:28.0.0] AndroidManifest.xml:20:5-44
MERGED from [com.android.support:support-core-utils:28.0.0] AndroidManifest.xml:20:5-44
MERGED from [com.android.support:loader:28.0.0] AndroidManifest.xml:20:5-44
MERGED from [com.android.support:loader:28.0.0] AndroidManifest.xml:20:5-44
MERGED from [com.android.support:support-vector-drawable:28.0.0] AndroidManifest.xml:20:5-44
MERGED from [com.android.support:support-vector-drawable:28.0.0] AndroidManifest.xml:20:5-44
MERGED from [com.android.support:support-media-compat:28.0.0] AndroidManifest.xml:20:5-44
MERGED from [com.android.support:support-media-compat:28.0.0] AndroidManifest.xml:20:5-44
MERGED from [com.android.support:support-compat:28.0.0] AndroidManifest.xml:20:5-44
MERGED from [com.android.support:support-compat:28.0.0] AndroidManifest.xml:20:5-44
MERGED from [com.android.support:versionedparcelable:28.0.0] AndroidManifest.xml:20:5-44
MERGED from [com.android.support:versionedparcelable:28.0.0] AndroidManifest.xml:20:5-44
MERGED from [android.arch.lifecycle:runtime:1.1.1] AndroidManifest.xml:20:5-44
MERGED from [android.arch.lifecycle:runtime:1.1.1] AndroidManifest.xml:20:5-44